[debug] [2026-05-18T04:28:45.911Z] ----------------------------------------------------------------------
[debug] [2026-05-18T04:28:45.914Z] Command:       C:\Program Files\nodejs\node.exe C:\Users\Ismail M\AppData\Roaming\npm\node_modules\firebase-tools\lib\bin\firebase.js init hosting
[debug] [2026-05-18T04:28:45.915Z] CLI Version:   15.18.0
[debug] [2026-05-18T04:28:45.915Z] Platform:      win32
[debug] [2026-05-18T04:28:45.915Z] Node Version:  v22.14.0
[debug] [2026-05-18T04:28:45.915Z] Time:          Mon May 18 2026 00:28:45 GMT-0400 (Eastern Daylight Time)
[debug] [2026-05-18T04:28:45.916Z] ----------------------------------------------------------------------
[debug] 
[debug] [2026-05-18T04:28:45.918Z] >>> [apiv2][query] GET https://firebase-public.firebaseio.com/cli.json [none]
[info] 
     ######## #### ########  ######## ########     ###     ######  ########
     ##        ##  ##     ## ##       ##     ##  ##   ##  ##       ##
     ######    ##  ########  ######   ########  #########  ######  ######
     ##        ##  ##    ##  ##       ##     ## ##     ##       ## ##
     ##       #### ##     ## ######## ########  ##     ##  ######  ########

You're about to initialize a Firebase project in this directory:

  C:\Users\Ismail M\Desktop\Identity

[debug] [2026-05-18T04:28:48.117Z] <<< [apiv2][status] GET https://firebase-public.firebaseio.com/cli.json 200
[debug] [2026-05-18T04:28:48.117Z] <<< [apiv2][body] GET https://firebase-public.firebaseio.com/cli.json {"cloudBuildErrorAfter":1594252800000,"cloudBuildWarnAfter":1590019200000,"defaultNode10After":1594252800000,"minVersion":"3.0.5","node8DeploysDisabledAfter":1613390400000,"node8RuntimeDisabledAfter":1615809600000,"node8WarnAfter":1600128000000}
[info] 
=== Project Setup
[info] 
[info] First, let's associate this project directory with a Firebase project.
[info] You can create multiple project aliases by running firebase use --add, 
[info] 
[debug] [2026-05-18T04:31:53.247Z] > command requires scopes: ["email","openid","https://www.googleapis.com/auth/cloudplatformprojects.readonly","https://www.googleapis.com/auth/firebase","https://www.googleapis.com/auth/cloud-platform"]
[debug] [2026-05-18T04:31:53.247Z] > authorizing via signed-in user (ismailm9033@gmail.com)
[debug] [2026-05-18T04:31:53.248Z] Checked if tokens are valid: false, expires at: 1775069987893
[debug] [2026-05-18T04:31:53.248Z] Checked if tokens are valid: false, expires at: 1775069987893
[debug] [2026-05-18T04:31:53.249Z] > refreshing access token with scopes: []
[debug] [2026-05-18T04:31:53.250Z] >>> [apiv2][query] POST https://www.googleapis.com/oauth2/v3/token [none]
[debug] [2026-05-18T04:31:53.250Z] >>> [apiv2][body] POST https://www.googleapis.com/oauth2/v3/token [omitted]
[debug] [2026-05-18T04:31:53.537Z] <<< [apiv2][status] POST https://www.googleapis.com/oauth2/v3/token 200
[debug] [2026-05-18T04:31:53.537Z] <<< [apiv2][body] POST https://www.googleapis.com/oauth2/v3/token [omitted]
[debug] [2026-05-18T04:31:53.550Z] >>> [apiv2][query] GET https://firebase.googleapis.com/v1beta1/projects pageSize=100
[debug] [2026-05-18T04:31:54.548Z] <<< [apiv2][status] GET https://firebase.googleapis.com/v1beta1/projects 200
[debug] [2026-05-18T04:31:54.548Z] <<< [apiv2][body] GET https://firebase.googleapis.com/v1beta1/projects [omitted]
[info] 
=== Hosting Setup
[info] 
[debug] [2026-05-18T04:32:54.251Z] Checked if tokens are valid: true, expires at: 1779082312537
[debug] [2026-05-18T04:32:54.252Z] Checked if tokens are valid: true, expires at: 1779082312537
[debug] [2026-05-18T04:32:54.252Z] >>> [apiv2][query] GET https://firebase.googleapis.com/v1beta1/projects/identity-75157 [none]
[debug] [2026-05-18T04:32:55.209Z] <<< [apiv2][status] GET https://firebase.googleapis.com/v1beta1/projects/identity-75157 200
[debug] [2026-05-18T04:32:55.209Z] <<< [apiv2][body] GET https://firebase.googleapis.com/v1beta1/projects/identity-75157 {"projectId":"identity-75157","projectNumber":"849004505332","displayName":"Identity","name":"projects/identity-75157","resources":{"hostingSite":"identity-75157"},"state":"ACTIVE","etag":"1_0326165e-291e-4ea7-96ad-559c3f5f052c"}
[info] 
[info] Your public directory is the folder (relative to your project directory) that
[info] will contain Hosting assets to be uploaded with firebase deploy. If you
[info] have a build process for your assets, use your build's output directory.
[info] 
[debug] [2026-05-18T04:34:24.771Z] ExitPromptError: User force closed the prompt with SIGINT
    at Interface.sigint (C:\Users\Ismail M\AppData\Roaming\npm\node_modules\firebase-tools\node_modules\@inquirer\core\dist\commonjs\lib\create-prompt.js:101:37)
    at Interface.emit (node:events:518:28)
    at [_ttyWrite] [as _ttyWrite] (node:internal/readline/interface:1124:18)
    at ReadStream.onkeypress (node:internal/readline/interface:263:20)
    at ReadStream.emit (node:events:530:35)
    at emitKeys (node:internal/readline/utils:370:14)
    at emitKeys.next (<anonymous>)
    at ReadStream.onData (node:internal/readline/emitKeypressEvents:64:36)
    at ReadStream.emit (node:events:518:28)
    at addChunk (node:internal/streams/readable:561:12)
[error] 
[error] Error: An unexpected error has occurred.
